Arguments: 
  /home/afolabi/.nvm/versions/node/v18.20.3/bin/node /usr/local/bin/yarn init

PATH: 
  /home/afolabi/.cargo/bin:/home/linuxbrew/.linuxbrew/bin:/home/linuxbrew/.linuxbrew/sbin:/home/afolabi/.nvm/versions/node/v18.20.3/bin:/usr/local/sbin:/usr/local/bin:/usr/sbin:/usr/bin:/sbin:/bin:/usr/games:/usr/local/games:/snap/bin:/snap/bin:/home/afolabi/.foundry/bin

Yarn version: 
  1.22.17

Node version: 
  18.20.3

Platform: 
  linux x64

Trace: 
  Error: canceled
      at Interface.<anonymous> (/usr/local/lib/node_modules/yarn/lib/cli.js:137143:13)
      at Interface.emit (node:events:517:28)
      at [_ttyWrite] [as _ttyWrite] (node:internal/readline/interface:1132:18)
      at ReadStream.onkeypress (node:internal/readline/interface:271:20)
      at ReadStream.emit (node:events:517:28)
      at emitKeys (node:internal/readline/utils:371:14)
      at emitKeys.next (<anonymous>)
      at ReadStream.onData (node:internal/readline/emitKeypressEvents:64:36)
      at ReadStream.emit (node:events:517:28)
      at addChunk (node:internal/streams/readable:368:12)

npm manifest: 
  No manifest

yarn manifest: 
  No manifest

Lockfile: 
  # THIS IS AN AUTOGENERATED FILE. DO NOT EDIT THIS FILE DIRECTLY.
  # yarn lockfile v1
